{"/Users/mac/Projects/nodejs/eldaa-api/src/app.ts": {"path":"/Users/mac/Projects/nodejs/eldaa-api/src/app.ts","statementMap":{"0":{"start":{"line":1,"column":0},"end":{"line":1,"column":24}},"1":{"start":{"line":2,"column":0},"end":{"line":2,"column":28}},"2":{"start":{"line":3,"column":0},"end":{"line":3,"column":53}},"3":{"start":{"line":4,"column":0},"end":{"line":4,"column":45}},"4":{"start":{"line":5,"column":0},"end":{"line":5,"column":26}},"5":{"start":{"line":6,"column":0},"end":{"line":6,"column":28}},"6":{"start":{"line":7,"column":0},"end":{"line":7,"column":64}},"7":{"start":{"line":8,"column":0},"end":{"line":8,"column":80}},"8":{"start":{"line":9,"column":0},"end":{"line":9,"column":71}},"9":{"start":{"line":10,"column":0},"end":{"line":10,"column":52}},"10":{"start":{"line":11,"column":0},"end":{"line":11,"column":30}},"11":{"start":{"line":13,"column":0},"end":{"line":13,"column":16}},"12":{"start":{"line":15,"column":0},"end":{"line":15,"column":17}},"13":{"start":{"line":17,"column":12},"end":{"line":17,"column":21}},"14":{"start":{"line":19,"column":0},"end":{"line":19,"column":16}},"15":{"start":{"line":21,"column":0},"end":{"line":21,"column":24}},"16":{"start":{"line":23,"column":0},"end":{"line":32,"column":2}},"17":{"start":{"line":29,"column":12},"end":{"line":29,"column":79}},"18":{"start":{"line":33,"column":0},"end":{"line":33,"column":16}},"19":{"start":{"line":35,"column":0},"end":{"line":40,"column":3}},"20":{"start":{"line":36,"column":4},"end":{"line":39,"column":7}},"21":{"start":{"line":42,"column":0},"end":{"line":42,"column":22}},"22":{"start":{"line":44,"column":0},"end":{"line":44,"column":19}}},"fnMap":{"0":{"name":"(anonymous_1)","decl":{"start":{"line":28,"column":13},"end":{"line":28,"column":14}},"loc":{"start":{"line":28,"column":26},"end":{"line":30,"column":9}}},"1":{"name":"(anonymous_2)","decl":{"start":{"line":35,"column":14},"end":{"line":35,"column":15}},"loc":{"start":{"line":35,"column":46},"end":{"line":40,"column":1}}}},"branchMap":{},"s":{"0":1,"1":1,"2":1,"3":1,"4":1,"5":1,"6":1,"7":1,"8":1,"9":1,"10":1,"11":1,"12":1,"13":1,"14":1,"15":1,"16":1,"17":1,"18":1,"19":1,"20":0,"21":1,"22":1},"f":{"0":1,"1":0},"b":{}}
,"/Users/mac/Projects/nodejs/eldaa-api/src/logger.ts": {"path":"/Users/mac/Projects/nodejs/eldaa-api/src/logger.ts","statementMap":{"0":{"start":{"line":1,"column":0},"end":{"line":1,"column":59}},"1":{"start":{"line":3,"column":47},"end":{"line":3,"column":53}},"2":{"start":{"line":5,"column":15},"end":{"line":18,"column":2}},"3":{"start":{"line":11,"column":12},"end":{"line":11,"column":53}},"4":{"start":{"line":20,"column":0},"end":{"line":20,"column":22}}},"fnMap":{"0":{"name":"(anonymous_0)","decl":{"start":{"line":10,"column":15},"end":{"line":10,"column":16}},"loc":{"start":{"line":10,"column":56},"end":{"line":12,"column":9}}}},"branchMap":{},"s":{"0":1,"1":1,"2":1,"3":1,"4":1},"f":{"0":1},"b":{}}
,"/Users/mac/Projects/nodejs/eldaa-api/src/application/dto/CreateUserDTO.ts": {"path":"/Users/mac/Projects/nodejs/eldaa-api/src/application/dto/CreateUserDTO.ts","statementMap":{"0":{"start":{"line":1,"column":0},"end":{"line":1,"column":65}},"1":{"start":{"line":3,"column":0},"end":{"line":3,"column":13}},"2":{"start":{"line":5,"column":4},"end":{"line":5,"column":null}},"3":{"start":{"line":8,"column":4},"end":{"line":8,"column":null}},"4":{"start":{"line":11,"column":4},"end":{"line":11,"column":null}}},"fnMap":{},"branchMap":{},"s":{"0":1,"1":1,"2":1,"3":1,"4":1},"f":{},"b":{}}
,"/Users/mac/Projects/nodejs/eldaa-api/src/application/usecases/UserUseCase.ts": {"path":"/Users/mac/Projects/nodejs/eldaa-api/src/application/usecases/UserUseCase.ts","statementMap":{"0":{"start":{"line":1,"column":0},"end":{"line":1,"column":30}},"1":{"start":{"line":2,"column":0},"end":{"line":2,"column":41}},"2":{"start":{"line":3,"column":0},"end":{"line":3,"column":67}},"3":{"start":{"line":4,"column":0},"end":{"line":4,"column":48}},"4":{"start":{"line":5,"column":0},"end":{"line":5,"column":55}},"5":{"start":{"line":6,"column":0},"end":{"line":6,"column":60}},"6":{"start":{"line":8,"column":0},"end":{"line":8,"column":53}},"7":{"start":{"line":11,"column":7},"end":{"line":46,"column":null}},"8":{"start":{"line":13,"column":51},"end":{"line":13,"column":75}},"9":{"start":{"line":17,"column":24},"end":{"line":17,"column":69}},"10":{"start":{"line":18,"column":29},"end":{"line":18,"column":78}},"11":{"start":{"line":19,"column":8},"end":{"line":20,"column":70}},"12":{"start":{"line":20,"column":12},"end":{"line":20,"column":70}},"13":{"start":{"line":22,"column":31},"end":{"line":22,"column":70}},"14":{"start":{"line":24,"column":21},"end":{"line":29,"column":10}},"15":{"start":{"line":31,"column":8},"end":{"line":31,"column":52}},"16":{"start":{"line":35,"column":8},"end":{"line":35,"column":51}},"17":{"start":{"line":11,"column":13},"end":{"line":11,"column":24}},"18":{"start":{"line":11,"column":13},"end":{"line":46,"column":null}}},"fnMap":{"0":{"name":"(anonymous_12)","decl":{"start":{"line":12,"column":4},"end":{"line":12,"column":null}},"loc":{"start":{"line":13,"column":75},"end":{"line":14,"column":8}}},"1":{"name":"(anonymous_13)","decl":{"start":{"line":16,"column":10},"end":{"line":16,"column":27}},"loc":{"start":{"line":16,"column":37},"end":{"line":32,"column":null}}},"2":{"name":"(anonymous_15)","decl":{"start":{"line":34,"column":10},"end":{"line":34,"column":24}},"loc":{"start":{"line":34,"column":35},"end":{"line":36,"column":null}}}},"branchMap":{"0":{"loc":{"start":{"line":19,"column":8},"end":{"line":20,"column":70}},"type":"if","locations":[{"start":{"line":19,"column":8},"end":{"line":20,"column":70}},{"start":{},"end":{}}]}},"s":{"0":1,"1":1,"2":1,"3":1,"4":1,"5":1,"6":1,"7":1,"8":0,"9":0,"10":0,"11":0,"12":0,"13":0,"14":0,"15":0,"16":0,"17":1,"18":1},"f":{"0":0,"1":0,"2":0},"b":{"0":[0,0]}}
,"/Users/mac/Projects/nodejs/eldaa-api/src/config/container.ts": {"path":"/Users/mac/Projects/nodejs/eldaa-api/src/config/container.ts","statementMap":{"0":{"start":{"line":1,"column":0},"end":{"line":1,"column":31}},"1":{"start":{"line":3,"column":0},"end":{"line":3,"column":77}},"2":{"start":{"line":5,"column":0},"end":{"line":5,"column":74}}},"fnMap":{},"branchMap":{},"s":{"0":1,"1":1,"2":1},"f":{},"b":{}}
,"/Users/mac/Projects/nodejs/eldaa-api/src/config/env.ts": {"path":"/Users/mac/Projects/nodejs/eldaa-api/src/config/env.ts","statementMap":{"0":{"start":{"line":1,"column":0},"end":{"line":1,"column":28}},"1":{"start":{"line":2,"column":0},"end":{"line":2,"column":16}},"2":{"start":{"line":4,"column":12},"end":{"line":11,"column":2}},"3":{"start":{"line":13,"column":0},"end":{"line":13,"column":19}}},"fnMap":{},"branchMap":{"0":{"loc":{"start":{"line":6,"column":19},"end":{"line":6,"column":45}},"type":"cond-expr","locations":[{"start":{"line":6,"column":35},"end":{"line":6,"column":39}},{"start":{"line":6,"column":39},"end":{"line":6,"column":45}}]},"1":{"loc":{"start":{"line":6,"column":19},"end":{"line":6,"column":39}},"type":"binary-expr","locations":[{"start":{"line":6,"column":19},"end":{"line":6,"column":39}},{"start":{"line":6,"column":35},"end":{"line":6,"column":39}}]},"2":{"loc":{"start":{"line":10,"column":22},"end":{"line":10,"column":51}},"type":"cond-expr","locations":[{"start":{"line":10,"column":41},"end":{"line":10,"column":45}},{"start":{"line":10,"column":45},"end":{"line":10,"column":51}}]},"3":{"loc":{"start":{"line":10,"column":22},"end":{"line":10,"column":45}},"type":"binary-expr","locations":[{"start":{"line":10,"column":22},"end":{"line":10,"column":45}},{"start":{"line":10,"column":41},"end":{"line":10,"column":45}}]}},"s":{"0":1,"1":1,"2":1,"3":1},"f":{},"b":{"0":[1,0],"1":[1,1],"2":[1,0],"3":[1,1]}}
,"/Users/mac/Projects/nodejs/eldaa-api/src/core/utils/validate-dto.ts": {"path":"/Users/mac/Projects/nodejs/eldaa-api/src/core/utils/validate-dto.ts","statementMap":{"0":{"start":{"line":5,"column":0},"end":{"line":5,"column":22}},"1":{"start":{"line":1,"column":0},"end":{"line":1,"column":52}},"2":{"start":{"line":2,"column":0},"end":{"line":2,"column":43}},"3":{"start":{"line":3,"column":0},"end":{"line":3,"column":69}},"4":{"start":{"line":9,"column":21},"end":{"line":9,"column":47}},"5":{"start":{"line":10,"column":19},"end":{"line":10,"column":43}},"6":{"start":{"line":12,"column":4},"end":{"line":17,"column":5}},"7":{"start":{"line":13,"column":30},"end":{"line":14,"column":null}},"8":{"start":{"line":14,"column":12},"end":{"line":14,"column":48}},"9":{"start":{"line":16,"column":8},"end":{"line":16,"column":69}},"10":{"start":{"line":19,"column":4},"end":{"line":19,"column":20}}},"fnMap":{"0":{"name":"validateDtoOrThrow","decl":{"start":{"line":5,"column":22},"end":{"line":5,"column":40}},"loc":{"start":{"line":7,"column":13},"end":{"line":20,"column":null}}},"1":{"name":"(anonymous_9)","decl":{"start":{"line":13,"column":45},"end":{"line":13,"column":46}},"loc":{"start":{"line":14,"column":12},"end":{"line":14,"column":48}}}},"branchMap":{"0":{"loc":{"start":{"line":12,"column":4},"end":{"line":17,"column":5}},"type":"if","locations":[{"start":{"line":12,"column":4},"end":{"line":17,"column":5}},{"start":{},"end":{}}]},"1":{"loc":{"start":{"line":14,"column":26},"end":{"line":14,"column":47}},"type":"binary-expr","locations":[{"start":{"line":14,"column":26},"end":{"line":14,"column":41}},{"start":{"line":14,"column":45},"end":{"line":14,"column":47}}]}},"s":{"0":1,"1":1,"2":1,"3":1,"4":0,"5":0,"6":0,"7":0,"8":0,"9":0,"10":0},"f":{"0":0,"1":0},"b":{"0":[0,0],"1":[0,0]}}
,"/Users/mac/Projects/nodejs/eldaa-api/src/domain/entity/User.ts": {"path":"/Users/mac/Projects/nodejs/eldaa-api/src/domain/entity/User.ts","statementMap":{"0":{"start":{"line":26,"column":8},"end":{"line":26,"column":27}},"1":{"start":{"line":27,"column":8},"end":{"line":27,"column":31}},"2":{"start":{"line":28,"column":8},"end":{"line":28,"column":33}},"3":{"start":{"line":29,"column":8},"end":{"line":29,"column":31}},"4":{"start":{"line":30,"column":8},"end":{"line":30,"column":39}},"5":{"start":{"line":31,"column":8},"end":{"line":31,"column":55}},"6":{"start":{"line":32,"column":8},"end":{"line":32,"column":55}},"7":{"start":{"line":33,"column":8},"end":{"line":33,"column":41}},"8":{"start":{"line":37,"column":8},"end":{"line":46,"column":11}},"9":{"start":{"line":15,"column":0},"end":{"line":15,"column":13}}},"fnMap":{"0":{"name":"(anonymous_0)","decl":{"start":{"line":25,"column":4},"end":{"line":25,"column":16}},"loc":{"start":{"line":25,"column":32},"end":{"line":34,"column":5}}},"1":{"name":"(anonymous_1)","decl":{"start":{"line":36,"column":4},"end":{"line":36,"column":10}},"loc":{"start":{"line":36,"column":40},"end":{"line":47,"column":5}}}},"branchMap":{"0":{"loc":{"start":{"line":31,"column":25},"end":{"line":31,"column":54}},"type":"cond-expr","locations":[{"start":{"line":31,"column":40},"end":{"line":31,"column":44}},{"start":{"line":31,"column":44},"end":{"line":31,"column":54}}]},"1":{"loc":{"start":{"line":31,"column":25},"end":{"line":31,"column":44}},"type":"binary-expr","locations":[{"start":{"line":31,"column":25},"end":{"line":31,"column":44}},{"start":{"line":31,"column":40},"end":{"line":31,"column":44}}]},"2":{"loc":{"start":{"line":32,"column":25},"end":{"line":32,"column":54}},"type":"cond-expr","locations":[{"start":{"line":32,"column":40},"end":{"line":32,"column":44}},{"start":{"line":32,"column":44},"end":{"line":32,"column":54}}]},"3":{"loc":{"start":{"line":32,"column":25},"end":{"line":32,"column":44}},"type":"binary-expr","locations":[{"start":{"line":32,"column":25},"end":{"line":32,"column":44}},{"start":{"line":32,"column":40},"end":{"line":32,"column":44}}]}},"s":{"0":0,"1":0,"2":0,"3":0,"4":0,"5":0,"6":0,"7":0,"8":0,"9":1},"f":{"0":0,"1":0},"b":{"0":[0,0],"1":[0,0],"2":[0,0],"3":[0,0]}}
,"/Users/mac/Projects/nodejs/eldaa-api/src/domain/entity/UserEntity.ts": {"path":"/Users/mac/Projects/nodejs/eldaa-api/src/domain/entity/UserEntity.ts","statementMap":{"0":{"start":{"line":1,"column":0},"end":{"line":1,"column":null}},"1":{"start":{"line":9,"column":0},"end":{"line":9,"column":45}},"2":{"start":{"line":12,"column":7},"end":{"line":40,"column":null}},"3":{"start":{"line":12,"column":13},"end":{"line":12,"column":23}},"4":{"start":{"line":14,"column":4},"end":{"line":14,"column":null}},"5":{"start":{"line":17,"column":4},"end":{"line":17,"column":null}},"6":{"start":{"line":20,"column":4},"end":{"line":20,"column":null}},"7":{"start":{"line":27,"column":4},"end":{"line":27,"column":null}},"8":{"start":{"line":30,"column":4},"end":{"line":30,"column":null}},"9":{"start":{"line":33,"column":4},"end":{"line":33,"column":null}},"10":{"start":{"line":36,"column":4},"end":{"line":36,"column":null}},"11":{"start":{"line":39,"column":4},"end":{"line":39,"column":null}},"12":{"start":{"line":12,"column":13},"end":{"line":40,"column":null}}},"fnMap":{},"branchMap":{},"s":{"0":1,"1":1,"2":1,"3":1,"4":1,"5":1,"6":1,"7":1,"8":1,"9":1,"10":1,"11":1,"12":1},"f":{},"b":{}}
,"/Users/mac/Projects/nodejs/eldaa-api/src/domain/enums/UserRole.ts": {"path":"/Users/mac/Projects/nodejs/eldaa-api/src/domain/enums/UserRole.ts","statementMap":{"0":{"start":{"line":1,"column":0},"end":{"line":1,"column":null}},"1":{"start":{"line":2,"column":4},"end":{"line":2,"column":null}},"2":{"start":{"line":3,"column":4},"end":{"line":3,"column":null}}},"fnMap":{"0":{"name":"(anonymous_0)","decl":{"start":{"line":1,"column":0},"end":{"line":1,"column":12}},"loc":{"start":{"line":1,"column":20},"end":{"line":4,"column":1}}}},"branchMap":{"0":{"loc":{"start":{"line":1,"column":12},"end":{"line":1,"column":null}},"type":"binary-expr","locations":[{"start":{"line":1,"column":12},"end":{"line":1,"column":20}},{"start":{"line":1,"column":20},"end":{"line":1,"column":null}}]}},"s":{"0":1,"1":1,"2":1},"f":{"0":1},"b":{"0":[1,1]}}
,"/Users/mac/Projects/nodejs/eldaa-api/src/domain/errors/BaseError.ts": {"path":"/Users/mac/Projects/nodejs/eldaa-api/src/domain/errors/BaseError.ts","statementMap":{"0":{"start":{"line":3,"column":8},"end":{"line":3,"column":23}},"1":{"start":{"line":4,"column":8},"end":{"line":4,"column":42}},"2":{"start":{"line":6,"column":8},"end":{"line":6,"column":56}},"3":{"start":{"line":1,"column":0},"end":{"line":1,"column":13}}},"fnMap":{"0":{"name":"(anonymous_0)","decl":{"start":{"line":2,"column":4},"end":{"line":2,"column":16}},"loc":{"start":{"line":2,"column":31},"end":{"line":7,"column":5}}}},"branchMap":{},"s":{"0":0,"1":0,"2":0,"3":1},"f":{"0":0},"b":{}}
,"/Users/mac/Projects/nodejs/eldaa-api/src/domain/errors/Error.ts": {"path":"/Users/mac/Projects/nodejs/eldaa-api/src/domain/errors/Error.ts","statementMap":{"0":{"start":{"line":1,"column":0},"end":{"line":1,"column":40}},"1":{"start":{"line":3,"column":0},"end":{"line":3,"column":13}},"2":{"start":{"line":4,"column":0},"end":{"line":4,"column":13}},"3":{"start":{"line":5,"column":0},"end":{"line":5,"column":13}},"4":{"start":{"line":6,"column":0},"end":{"line":6,"column":13}},"5":{"start":{"line":7,"column":0},"end":{"line":7,"column":13}},"6":{"start":{"line":8,"column":0},"end":{"line":8,"column":13}},"7":{"start":{"line":9,"column":0},"end":{"line":9,"column":13}}},"fnMap":{},"branchMap":{},"s":{"0":1,"1":1,"2":1,"3":1,"4":1,"5":1,"6":1,"7":1},"f":{},"b":{}}
,"/Users/mac/Projects/nodejs/eldaa-api/src/domain/repository/UserRepositoryImpl.ts": {"path":"/Users/mac/Projects/nodejs/eldaa-api/src/domain/repository/UserRepositoryImpl.ts","statementMap":{"0":{"start":{"line":1,"column":0},"end":{"line":1,"column":33}},"1":{"start":{"line":3,"column":0},"end":{"line":3,"column":67}},"2":{"start":{"line":4,"column":0},"end":{"line":4,"column":38}},"3":{"start":{"line":5,"column":0},"end":{"line":5,"column":50}},"4":{"start":{"line":9,"column":7},"end":{"line":35,"column":null}},"5":{"start":{"line":13,"column":8},"end":{"line":13,"column":66}},"6":{"start":{"line":17,"column":27},"end":{"line":17,"column":55}},"7":{"start":{"line":18,"column":32},"end":{"line":18,"column":70}},"8":{"start":{"line":19,"column":8},"end":{"line":19,"column":48}},"9":{"start":{"line":23,"column":27},"end":{"line":23,"column":66}},"10":{"start":{"line":24,"column":8},"end":{"line":24,"column":56}},"11":{"start":{"line":28,"column":27},"end":{"line":28,"column":69}},"12":{"start":{"line":29,"column":8},"end":{"line":29,"column":56}},"13":{"start":{"line":33,"column":23},"end":{"line":33,"column":51}},"14":{"start":{"line":9,"column":13},"end":{"line":9,"column":31}},"15":{"start":{"line":9,"column":13},"end":{"line":35,"column":null}}},"fnMap":{"0":{"name":"(anonymous_9)","decl":{"start":{"line":12,"column":4},"end":{"line":12,"column":null}},"loc":{"start":{"line":12,"column":4},"end":{"line":14,"column":5}}},"1":{"name":"(anonymous_10)","decl":{"start":{"line":16,"column":10},"end":{"line":16,"column":20}},"loc":{"start":{"line":16,"column":31},"end":{"line":20,"column":null}}},"2":{"name":"(anonymous_12)","decl":{"start":{"line":22,"column":10},"end":{"line":22,"column":21}},"loc":{"start":{"line":22,"column":32},"end":{"line":25,"column":null}}},"3":{"name":"(anonymous_14)","decl":{"start":{"line":27,"column":10},"end":{"line":27,"column":24}},"loc":{"start":{"line":27,"column":38},"end":{"line":30,"column":null}}},"4":{"name":"(anonymous_16)","decl":{"start":{"line":32,"column":10},"end":{"line":32,"column":25}},"loc":{"start":{"line":32,"column":39},"end":{"line":34,"column":null}}}},"branchMap":{"0":{"loc":{"start":{"line":24,"column":15},"end":{"line":24,"column":55}},"type":"cond-expr","locations":[{"start":{"line":24,"column":28},"end":{"line":24,"column":48}},{"start":{"line":24,"column":51},"end":{"line":24,"column":55}}]},"1":{"loc":{"start":{"line":29,"column":15},"end":{"line":29,"column":55}},"type":"cond-expr","locations":[{"start":{"line":29,"column":28},"end":{"line":29,"column":48}},{"start":{"line":29,"column":51},"end":{"line":29,"column":55}}]}},"s":{"0":1,"1":1,"2":1,"3":1,"4":1,"5":1,"6":0,"7":0,"8":0,"9":0,"10":0,"11":0,"12":0,"13":0,"14":1,"15":1},"f":{"0":1,"1":0,"2":0,"3":0,"4":0},"b":{"0":[0,0],"1":[0,0]}}
,"/Users/mac/Projects/nodejs/eldaa-api/src/infrastructure/db/DataSource.ts": {"path":"/Users/mac/Projects/nodejs/eldaa-api/src/infrastructure/db/DataSource.ts","statementMap":{"0":{"start":{"line":1,"column":0},"end":{"line":1,"column":37}},"1":{"start":{"line":2,"column":0},"end":{"line":2,"column":35}},"2":{"start":{"line":3,"column":0},"end":{"line":3,"column":60}},"3":{"start":{"line":5,"column":13},"end":{"line":17,"column":3}}},"fnMap":{},"branchMap":{},"s":{"0":1,"1":1,"2":1,"3":1},"f":{},"b":{}}
,"/Users/mac/Projects/nodejs/eldaa-api/src/interface/http/controllers/UserController.ts": {"path":"/Users/mac/Projects/nodejs/eldaa-api/src/interface/http/controllers/UserController.ts","statementMap":{"0":{"start":{"line":1,"column":0},"end":{"line":1,"column":52}},"1":{"start":{"line":3,"column":0},"end":{"line":3,"column":31}},"2":{"start":{"line":4,"column":0},"end":{"line":4,"column":71}},"3":{"start":{"line":5,"column":0},"end":{"line":5,"column":72}},"4":{"start":{"line":6,"column":0},"end":{"line":6,"column":70}},"5":{"start":{"line":7,"column":0},"end":{"line":7,"column":57}},"6":{"start":{"line":9,"column":13},"end":{"line":23,"column":2}},"7":{"start":{"line":11,"column":20},"end":{"line":11,"column":73}},"8":{"start":{"line":12,"column":24},"end":{"line":12,"column":50}},"9":{"start":{"line":13,"column":21},"end":{"line":13,"column":57}},"10":{"start":{"line":14,"column":29},"end":{"line":14,"column":68}},"11":{"start":{"line":15,"column":8},"end":{"line":18,"column":11}}},"fnMap":{"0":{"name":"(anonymous_8)","decl":{"start":{"line":10,"column":10},"end":{"line":10,"column":18}},"loc":{"start":{"line":10,"column":55},"end":{"line":19,"column":null}}},"1":{"name":"(anonymous_10)","decl":{"start":{"line":20,"column":10},"end":{"line":20,"column":15}},"loc":{"start":{"line":20,"column":52},"end":{"line":22,"column":null}}}},"branchMap":{},"s":{"0":1,"1":1,"2":1,"3":1,"4":1,"5":1,"6":1,"7":0,"8":0,"9":0,"10":0,"11":0},"f":{"0":0,"1":0},"b":{}}
,"/Users/mac/Projects/nodejs/eldaa-api/src/interface/http/extensions/express-response.extension.ts": {"path":"/Users/mac/Projects/nodejs/eldaa-api/src/interface/http/extensions/express-response.extension.ts","statementMap":{"0":{"start":{"line":1,"column":0},"end":{"line":1,"column":17}}},"fnMap":{},"branchMap":{},"s":{"0":1},"f":{},"b":{}}
,"/Users/mac/Projects/nodejs/eldaa-api/src/interface/http/extensions/response-extension.ts": {"path":"/Users/mac/Projects/nodejs/eldaa-api/src/interface/http/extensions/response-extension.ts","statementMap":{"0":{"start":{"line":4,"column":0},"end":{"line":4,"column":16}},"1":{"start":{"line":1,"column":0},"end":{"line":1,"column":30}},"2":{"start":{"line":5,"column":4},"end":{"line":13,"column":6}},"3":{"start":{"line":6,"column":41},"end":{"line":9,"column":10}},"4":{"start":{"line":10,"column":8},"end":{"line":10,"column":54}},"5":{"start":{"line":10,"column":32},"end":{"line":10,"column":54}},"6":{"start":{"line":11,"column":8},"end":{"line":11,"column":57}},"7":{"start":{"line":11,"column":33},"end":{"line":11,"column":57}},"8":{"start":{"line":12,"column":8},"end":{"line":12,"column":42}},"9":{"start":{"line":14,"column":4},"end":{"line":22,"column":6}},"10":{"start":{"line":15,"column":41},"end":{"line":18,"column":10}},"11":{"start":{"line":19,"column":8},"end":{"line":19,"column":54}},"12":{"start":{"line":19,"column":32},"end":{"line":19,"column":54}},"13":{"start":{"line":20,"column":8},"end":{"line":20,"column":57}},"14":{"start":{"line":20,"column":33},"end":{"line":20,"column":57}},"15":{"start":{"line":21,"column":8},"end":{"line":21,"column":42}},"16":{"start":{"line":23,"column":4},"end":{"line":31,"column":6}},"17":{"start":{"line":24,"column":41},"end":{"line":27,"column":10}},"18":{"start":{"line":28,"column":8},"end":{"line":28,"column":54}},"19":{"start":{"line":28,"column":32},"end":{"line":28,"column":54}},"20":{"start":{"line":29,"column":8},"end":{"line":29,"column":57}},"21":{"start":{"line":29,"column":33},"end":{"line":29,"column":57}},"22":{"start":{"line":30,"column":8},"end":{"line":30,"column":42}},"23":{"start":{"line":32,"column":4},"end":{"line":40,"column":6}},"24":{"start":{"line":33,"column":41},"end":{"line":36,"column":10}},"25":{"start":{"line":37,"column":8},"end":{"line":37,"column":54}},"26":{"start":{"line":37,"column":32},"end":{"line":37,"column":54}},"27":{"start":{"line":38,"column":8},"end":{"line":38,"column":57}},"28":{"start":{"line":38,"column":33},"end":{"line":38,"column":57}},"29":{"start":{"line":39,"column":8},"end":{"line":39,"column":42}},"30":{"start":{"line":41,"column":4},"end":{"line":49,"column":6}},"31":{"start":{"line":42,"column":41},"end":{"line":45,"column":10}},"32":{"start":{"line":46,"column":8},"end":{"line":46,"column":54}},"33":{"start":{"line":46,"column":32},"end":{"line":46,"column":54}},"34":{"start":{"line":47,"column":8},"end":{"line":47,"column":57}},"35":{"start":{"line":47,"column":33},"end":{"line":47,"column":57}},"36":{"start":{"line":48,"column":8},"end":{"line":48,"column":42}},"37":{"start":{"line":50,"column":4},"end":{"line":58,"column":6}},"38":{"start":{"line":51,"column":41},"end":{"line":54,"column":10}},"39":{"start":{"line":55,"column":8},"end":{"line":55,"column":54}},"40":{"start":{"line":55,"column":32},"end":{"line":55,"column":54}},"41":{"start":{"line":56,"column":8},"end":{"line":56,"column":57}},"42":{"start":{"line":56,"column":33},"end":{"line":56,"column":57}},"43":{"start":{"line":57,"column":8},"end":{"line":57,"column":42}},"44":{"start":{"line":59,"column":4},"end":{"line":67,"column":6}},"45":{"start":{"line":60,"column":41},"end":{"line":63,"column":10}},"46":{"start":{"line":64,"column":8},"end":{"line":64,"column":54}},"47":{"start":{"line":64,"column":32},"end":{"line":64,"column":54}},"48":{"start":{"line":65,"column":8},"end":{"line":65,"column":57}},"49":{"start":{"line":65,"column":33},"end":{"line":65,"column":57}},"50":{"start":{"line":66,"column":8},"end":{"line":66,"column":42}},"51":{"start":{"line":68,"column":4},"end":{"line":76,"column":6}},"52":{"start":{"line":69,"column":41},"end":{"line":72,"column":10}},"53":{"start":{"line":73,"column":8},"end":{"line":73,"column":54}},"54":{"start":{"line":73,"column":32},"end":{"line":73,"column":54}},"55":{"start":{"line":74,"column":8},"end":{"line":74,"column":57}},"56":{"start":{"line":74,"column":33},"end":{"line":74,"column":57}},"57":{"start":{"line":75,"column":8},"end":{"line":75,"column":42}},"58":{"start":{"line":77,"column":4},"end":{"line":85,"column":6}},"59":{"start":{"line":78,"column":41},"end":{"line":81,"column":10}},"60":{"start":{"line":82,"column":8},"end":{"line":82,"column":54}},"61":{"start":{"line":82,"column":32},"end":{"line":82,"column":54}},"62":{"start":{"line":83,"column":8},"end":{"line":83,"column":57}},"63":{"start":{"line":83,"column":33},"end":{"line":83,"column":57}},"64":{"start":{"line":84,"column":8},"end":{"line":84,"column":42}}},"fnMap":{"0":{"name":"extendResponse","decl":{"start":{"line":4,"column":16},"end":{"line":4,"column":30}},"loc":{"start":{"line":4,"column":30},"end":{"line":86,"column":1}}},"1":{"name":"(anonymous_2)","decl":{"start":{"line":5,"column":28},"end":{"line":5,"column":38}},"loc":{"start":{"line":5,"column":58},"end":{"line":13,"column":5}}},"2":{"name":"(anonymous_3)","decl":{"start":{"line":14,"column":33},"end":{"line":14,"column":43}},"loc":{"start":{"line":14,"column":63},"end":{"line":22,"column":5}}},"3":{"name":"(anonymous_4)","decl":{"start":{"line":23,"column":36},"end":{"line":23,"column":46}},"loc":{"start":{"line":23,"column":66},"end":{"line":31,"column":5}}},"4":{"name":"(anonymous_5)","decl":{"start":{"line":32,"column":37},"end":{"line":32,"column":47}},"loc":{"start":{"line":32,"column":67},"end":{"line":40,"column":5}}},"5":{"name":"(anonymous_6)","decl":{"start":{"line":41,"column":35},"end":{"line":41,"column":45}},"loc":{"start":{"line":41,"column":65},"end":{"line":49,"column":5}}},"6":{"name":"(anonymous_7)","decl":{"start":{"line":50,"column":34},"end":{"line":50,"column":44}},"loc":{"start":{"line":50,"column":64},"end":{"line":58,"column":5}}},"7":{"name":"(anonymous_8)","decl":{"start":{"line":59,"column":37},"end":{"line":59,"column":47}},"loc":{"start":{"line":59,"column":67},"end":{"line":67,"column":5}}},"8":{"name":"(anonymous_9)","decl":{"start":{"line":68,"column":40},"end":{"line":68,"column":50}},"loc":{"start":{"line":68,"column":70},"end":{"line":76,"column":5}}},"9":{"name":"(anonymous_10)","decl":{"start":{"line":77,"column":45},"end":{"line":77,"column":55}},"loc":{"start":{"line":77,"column":75},"end":{"line":85,"column":5}}}},"branchMap":{"0":{"loc":{"start":{"line":10,"column":8},"end":{"line":10,"column":54}},"type":"if","locations":[{"start":{"line":10,"column":8},"end":{"line":10,"column":54}},{"start":{},"end":{}}]},"1":{"loc":{"start":{"line":11,"column":8},"end":{"line":11,"column":57}},"type":"if","locations":[{"start":{"line":11,"column":8},"end":{"line":11,"column":57}},{"start":{},"end":{}}]},"2":{"loc":{"start":{"line":19,"column":8},"end":{"line":19,"column":54}},"type":"if","locations":[{"start":{"line":19,"column":8},"end":{"line":19,"column":54}},{"start":{},"end":{}}]},"3":{"loc":{"start":{"line":20,"column":8},"end":{"line":20,"column":57}},"type":"if","locations":[{"start":{"line":20,"column":8},"end":{"line":20,"column":57}},{"start":{},"end":{}}]},"4":{"loc":{"start":{"line":28,"column":8},"end":{"line":28,"column":54}},"type":"if","locations":[{"start":{"line":28,"column":8},"end":{"line":28,"column":54}},{"start":{},"end":{}}]},"5":{"loc":{"start":{"line":29,"column":8},"end":{"line":29,"column":57}},"type":"if","locations":[{"start":{"line":29,"column":8},"end":{"line":29,"column":57}},{"start":{},"end":{}}]},"6":{"loc":{"start":{"line":37,"column":8},"end":{"line":37,"column":54}},"type":"if","locations":[{"start":{"line":37,"column":8},"end":{"line":37,"column":54}},{"start":{},"end":{}}]},"7":{"loc":{"start":{"line":38,"column":8},"end":{"line":38,"column":57}},"type":"if","locations":[{"start":{"line":38,"column":8},"end":{"line":38,"column":57}},{"start":{},"end":{}}]},"8":{"loc":{"start":{"line":46,"column":8},"end":{"line":46,"column":54}},"type":"if","locations":[{"start":{"line":46,"column":8},"end":{"line":46,"column":54}},{"start":{},"end":{}}]},"9":{"loc":{"start":{"line":47,"column":8},"end":{"line":47,"column":57}},"type":"if","locations":[{"start":{"line":47,"column":8},"end":{"line":47,"column":57}},{"start":{},"end":{}}]},"10":{"loc":{"start":{"line":55,"column":8},"end":{"line":55,"column":54}},"type":"if","locations":[{"start":{"line":55,"column":8},"end":{"line":55,"column":54}},{"start":{},"end":{}}]},"11":{"loc":{"start":{"line":56,"column":8},"end":{"line":56,"column":57}},"type":"if","locations":[{"start":{"line":56,"column":8},"end":{"line":56,"column":57}},{"start":{},"end":{}}]},"12":{"loc":{"start":{"line":64,"column":8},"end":{"line":64,"column":54}},"type":"if","locations":[{"start":{"line":64,"column":8},"end":{"line":64,"column":54}},{"start":{},"end":{}}]},"13":{"loc":{"start":{"line":65,"column":8},"end":{"line":65,"column":57}},"type":"if","locations":[{"start":{"line":65,"column":8},"end":{"line":65,"column":57}},{"start":{},"end":{}}]},"14":{"loc":{"start":{"line":73,"column":8},"end":{"line":73,"column":54}},"type":"if","locations":[{"start":{"line":73,"column":8},"end":{"line":73,"column":54}},{"start":{},"end":{}}]},"15":{"loc":{"start":{"line":74,"column":8},"end":{"line":74,"column":57}},"type":"if","locations":[{"start":{"line":74,"column":8},"end":{"line":74,"column":57}},{"start":{},"end":{}}]},"16":{"loc":{"start":{"line":82,"column":8},"end":{"line":82,"column":54}},"type":"if","locations":[{"start":{"line":82,"column":8},"end":{"line":82,"column":54}},{"start":{},"end":{}}]},"17":{"loc":{"start":{"line":83,"column":8},"end":{"line":83,"column":57}},"type":"if","locations":[{"start":{"line":83,"column":8},"end":{"line":83,"column":57}},{"start":{},"end":{}}]}},"s":{"0":1,"1":1,"2":1,"3":0,"4":0,"5":0,"6":0,"7":0,"8":0,"9":1,"10":0,"11":0,"12":0,"13":0,"14":0,"15":0,"16":1,"17":0,"18":0,"19":0,"20":0,"21":0,"22":0,"23":1,"24":0,"25":0,"26":0,"27":0,"28":0,"29":0,"30":1,"31":0,"32":0,"33":0,"34":0,"35":0,"36":0,"37":1,"38":0,"39":0,"40":0,"41":0,"42":0,"43":0,"44":1,"45":0,"46":0,"47":0,"48":0,"49":0,"50":0,"51":1,"52":0,"53":0,"54":0,"55":0,"56":0,"57":0,"58":1,"59":0,"60":0,"61":0,"62":0,"63":0,"64":0},"f":{"0":1,"1":0,"2":0,"3":0,"4":0,"5":0,"6":0,"7":0,"8":0,"9":0},"b":{"0":[0,0],"1":[0,0],"2":[0,0],"3":[0,0],"4":[0,0],"5":[0,0],"6":[0,0],"7":[0,0],"8":[0,0],"9":[0,0],"10":[0,0],"11":[0,0],"12":[0,0],"13":[0,0],"14":[0,0],"15":[0,0],"16":[0,0],"17":[0,0]}}
,"/Users/mac/Projects/nodejs/eldaa-api/src/interface/http/middleware/ErrorMiddleware.ts": {"path":"/Users/mac/Projects/nodejs/eldaa-api/src/interface/http/middleware/ErrorMiddleware.ts","statementMap":{"0":{"start":{"line":13,"column":0},"end":{"line":13,"column":24}},"1":{"start":{"line":2,"column":0},"end":{"line":2,"column":null}},"2":{"start":{"line":11,"column":0},"end":{"line":11,"column":37}},"3":{"start":{"line":19,"column":4},"end":{"line":25,"column":7}},"4":{"start":{"line":27,"column":4},"end":{"line":29,"column":5}},"5":{"start":{"line":28,"column":8},"end":{"line":28,"column":58}},"6":{"start":{"line":30,"column":4},"end":{"line":32,"column":5}},"7":{"start":{"line":31,"column":8},"end":{"line":31,"column":56}},"8":{"start":{"line":33,"column":4},"end":{"line":35,"column":5}},"9":{"start":{"line":34,"column":8},"end":{"line":34,"column":59}},"10":{"start":{"line":36,"column":4},"end":{"line":38,"column":5}},"11":{"start":{"line":37,"column":8},"end":{"line":37,"column":57}},"12":{"start":{"line":39,"column":4},"end":{"line":41,"column":5}},"13":{"start":{"line":40,"column":8},"end":{"line":40,"column":59}},"14":{"start":{"line":42,"column":4},"end":{"line":44,"column":5}},"15":{"start":{"line":43,"column":8},"end":{"line":43,"column":62}},"16":{"start":{"line":45,"column":4},"end":{"line":47,"column":5}},"17":{"start":{"line":46,"column":8},"end":{"line":46,"column":67}},"18":{"start":{"line":49,"column":4},"end":{"line":49,"column":73}}},"fnMap":{"0":{"name":"errorHandler","decl":{"start":{"line":13,"column":24},"end":{"line":13,"column":36}},"loc":{"start":{"line":17,"column":20},"end":{"line":50,"column":1}}}},"branchMap":{"0":{"loc":{"start":{"line":27,"column":4},"end":{"line":29,"column":5}},"type":"if","locations":[{"start":{"line":27,"column":4},"end":{"line":29,"column":5}},{"start":{},"end":{}}]},"1":{"loc":{"start":{"line":30,"column":4},"end":{"line":32,"column":5}},"type":"if","locations":[{"start":{"line":30,"column":4},"end":{"line":32,"column":5}},{"start":{},"end":{}}]},"2":{"loc":{"start":{"line":33,"column":4},"end":{"line":35,"column":5}},"type":"if","locations":[{"start":{"line":33,"column":4},"end":{"line":35,"column":5}},{"start":{},"end":{}}]},"3":{"loc":{"start":{"line":36,"column":4},"end":{"line":38,"column":5}},"type":"if","locations":[{"start":{"line":36,"column":4},"end":{"line":38,"column":5}},{"start":{},"end":{}}]},"4":{"loc":{"start":{"line":39,"column":4},"end":{"line":41,"column":5}},"type":"if","locations":[{"start":{"line":39,"column":4},"end":{"line":41,"column":5}},{"start":{},"end":{}}]},"5":{"loc":{"start":{"line":42,"column":4},"end":{"line":44,"column":5}},"type":"if","locations":[{"start":{"line":42,"column":4},"end":{"line":44,"column":5}},{"start":{},"end":{}}]},"6":{"loc":{"start":{"line":45,"column":4},"end":{"line":47,"column":5}},"type":"if","locations":[{"start":{"line":45,"column":4},"end":{"line":47,"column":5}},{"start":{},"end":{}}]}},"s":{"0":1,"1":1,"2":1,"3":0,"4":0,"5":0,"6":0,"7":0,"8":0,"9":0,"10":0,"11":0,"12":0,"13":0,"14":0,"15":0,"16":0,"17":0,"18":0},"f":{"0":0},"b":{"0":[0,0],"1":[0,0],"2":[0,0],"3":[0,0],"4":[0,0],"5":[0,0],"6":[0,0]}}
,"/Users/mac/Projects/nodejs/eldaa-api/src/interface/http/resources/UserResource.ts": {"path":"/Users/mac/Projects/nodejs/eldaa-api/src/interface/http/resources/UserResource.ts","statementMap":{"0":{"start":{"line":1,"column":0},"end":{"line":1,"column":63}},"1":{"start":{"line":22,"column":8},"end":{"line":22,"column":34}},"2":{"start":{"line":4,"column":0},"end":{"line":4,"column":13}},"3":{"start":{"line":6,"column":4},"end":{"line":6,"column":null}},"4":{"start":{"line":9,"column":4},"end":{"line":9,"column":null}},"5":{"start":{"line":12,"column":4},"end":{"line":12,"column":null}},"6":{"start":{"line":15,"column":4},"end":{"line":15,"column":null}},"7":{"start":{"line":19,"column":4},"end":{"line":19,"column":null}},"8":{"start":{"line":18,"column":30},"end":{"line":18,"column":49}}},"fnMap":{"0":{"name":"(anonymous_2)","decl":{"start":{"line":21,"column":4},"end":{"line":21,"column":16}},"loc":{"start":{"line":21,"column":26},"end":{"line":23,"column":5}}},"1":{"name":"(anonymous_3)","decl":{"start":{"line":18,"column":15},"end":{"line":18,"column":16}},"loc":{"start":{"line":18,"column":30},"end":{"line":18,"column":49}}}},"branchMap":{},"s":{"0":1,"1":0,"2":1,"3":1,"4":1,"5":1,"6":1,"7":1,"8":0},"f":{"0":0,"1":0},"b":{}}
,"/Users/mac/Projects/nodejs/eldaa-api/src/interface/http/routes/UserRouter.ts": {"path":"/Users/mac/Projects/nodejs/eldaa-api/src/interface/http/routes/UserRouter.ts","statementMap":{"0":{"start":{"line":1,"column":0},"end":{"line":1,"column":33}},"1":{"start":{"line":2,"column":0},"end":{"line":2,"column":63}},"2":{"start":{"line":4,"column":19},"end":{"line":4,"column":27}},"3":{"start":{"line":6,"column":0},"end":{"line":6,"column":54}},"4":{"start":{"line":7,"column":0},"end":{"line":7,"column":48}},"5":{"start":{"line":9,"column":0},"end":{"line":9,"column":26}}},"fnMap":{},"branchMap":{},"s":{"0":1,"1":1,"2":1,"3":1,"4":1,"5":1},"f":{},"b":{}}
,"/Users/mac/Projects/nodejs/eldaa-api/src/interface/http/routes/router.ts": {"path":"/Users/mac/Projects/nodejs/eldaa-api/src/interface/http/routes/router.ts","statementMap":{"0":{"start":{"line":1,"column":0},"end":{"line":1,"column":66}},"1":{"start":{"line":2,"column":0},"end":{"line":2,"column":38}},"2":{"start":{"line":4,"column":15},"end":{"line":4,"column":23}},"3":{"start":{"line":6,"column":0},"end":{"line":8,"column":3}},"4":{"start":{"line":7,"column":4},"end":{"line":7,"column":50}},"5":{"start":{"line":10,"column":0},"end":{"line":10,"column":39}},"6":{"start":{"line":12,"column":0},"end":{"line":12,"column":22}}},"fnMap":{"0":{"name":"(anonymous_1)","decl":{"start":{"line":6,"column":16},"end":{"line":6,"column":17}},"loc":{"start":{"line":6,"column":65},"end":{"line":8,"column":1}}}},"branchMap":{},"s":{"0":1,"1":1,"2":1,"3":1,"4":1,"5":1,"6":1},"f":{"0":1},"b":{}}
}
