TN:
SF:src/app.ts
FN:28,(anonymous_1)
FN:35,(anonymous_2)
FNF:2
FNH:1
FNDA:1,(anonymous_1)
FNDA:0,(anonymous_2)
DA:1,1
DA:2,1
DA:3,1
DA:4,1
DA:5,1
DA:6,1
DA:7,1
DA:8,1
DA:9,1
DA:10,1
DA:11,1
DA:13,1
DA:15,1
DA:17,1
DA:19,1
DA:21,1
DA:23,1
DA:29,1
DA:33,1
DA:35,1
DA:36,0
DA:42,1
DA:44,1
LF:23
LH:22
BRF:0
BRH:0
end_of_record
TN:
SF:src/logger.ts
FN:10,(anonymous_0)
FNF:1
FNH:1
FNDA:1,(anonymous_0)
DA:1,1
DA:3,1
DA:5,1
DA:11,1
DA:20,1
LF:5
LH:5
BRF:0
BRH:0
end_of_record
TN:
SF:src/application/dto/CreateUserDTO.ts
FNF:0
FNH:0
DA:1,1
DA:3,1
DA:5,1
DA:8,1
DA:11,1
LF:5
LH:5
BRF:0
BRH:0
end_of_record
TN:
SF:src/application/usecases/UserUseCase.ts
FN:12,(anonymous_12)
FN:16,(anonymous_13)
FN:34,(anonymous_15)
FNF:3
FNH:0
FNDA:0,(anonymous_12)
FNDA:0,(anonymous_13)
FNDA:0,(anonymous_15)
DA:1,1
DA:2,1
DA:3,1
DA:4,1
DA:5,1
DA:6,1
DA:8,1
DA:11,1
DA:13,0
DA:17,0
DA:18,0
DA:19,0
DA:20,0
DA:22,0
DA:24,0
DA:31,0
DA:35,0
LF:17
LH:8
BRDA:19,0,0,0
BRDA:19,0,1,0
BRF:2
BRH:0
end_of_record
TN:
SF:src/config/container.ts
FNF:0
FNH:0
DA:1,1
DA:3,1
DA:5,1
LF:3
LH:3
BRF:0
BRH:0
end_of_record
TN:
SF:src/config/env.ts
FNF:0
FNH:0
DA:1,1
DA:2,1
DA:4,1
DA:13,1
LF:4
LH:4
BRDA:6,0,0,1
BRDA:6,0,1,0
BRDA:6,1,0,1
BRDA:6,1,1,1
BRDA:10,2,0,1
BRDA:10,2,1,0
BRDA:10,3,0,1
BRDA:10,3,1,1
BRF:8
BRH:6
end_of_record
TN:
SF:src/core/utils/validate-dto.ts
FN:5,validateDtoOrThrow
FN:13,(anonymous_9)
FNF:2
FNH:0
FNDA:0,validateDtoOrThrow
FNDA:0,(anonymous_9)
DA:1,1
DA:2,1
DA:3,1
DA:5,1
DA:9,0
DA:10,0
DA:12,0
DA:13,0
DA:14,0
DA:16,0
DA:19,0
LF:11
LH:4
BRDA:12,0,0,0
BRDA:12,0,1,0
BRDA:14,1,0,0
BRDA:14,1,1,0
BRF:4
BRH:0
end_of_record
TN:
SF:src/domain/entity/User.ts
FN:25,(anonymous_0)
FN:36,(anonymous_1)
FNF:2
FNH:0
FNDA:0,(anonymous_0)
FNDA:0,(anonymous_1)
DA:15,1
DA:26,0
DA:27,0
DA:28,0
DA:29,0
DA:30,0
DA:31,0
DA:32,0
DA:33,0
DA:37,0
LF:10
LH:1
BRDA:31,0,0,0
BRDA:31,0,1,0
BRDA:31,1,0,0
BRDA:31,1,1,0
BRDA:32,2,0,0
BRDA:32,2,1,0
BRDA:32,3,0,0
BRDA:32,3,1,0
BRF:8
BRH:0
end_of_record
TN:
SF:src/domain/entity/UserEntity.ts
FNF:0
FNH:0
DA:1,1
DA:9,1
DA:12,1
DA:14,1
DA:17,1
DA:20,1
DA:27,1
DA:30,1
DA:33,1
DA:36,1
DA:39,1
LF:11
LH:11
BRF:0
BRH:0
end_of_record
TN:
SF:src/domain/enums/UserRole.ts
FN:1,(anonymous_0)
FNF:1
FNH:1
FNDA:1,(anonymous_0)
DA:1,1
DA:2,1
DA:3,1
LF:3
LH:3
BRDA:1,0,0,1
BRDA:1,0,1,1
BRF:2
BRH:2
end_of_record
TN:
SF:src/domain/errors/BaseError.ts
FN:2,(anonymous_0)
FNF:1
FNH:0
FNDA:0,(anonymous_0)
DA:1,1
DA:3,0
DA:4,0
DA:6,0
LF:4
LH:1
BRF:0
BRH:0
end_of_record
TN:
SF:src/domain/errors/Error.ts
FNF:0
FNH:0
DA:1,1
DA:3,1
DA:4,1
DA:5,1
DA:6,1
DA:7,1
DA:8,1
DA:9,1
LF:8
LH:8
BRF:0
BRH:0
end_of_record
TN:
SF:src/domain/repository/UserRepositoryImpl.ts
FN:12,(anonymous_9)
FN:16,(anonymous_10)
FN:22,(anonymous_12)
FN:27,(anonymous_14)
FN:32,(anonymous_16)
FNF:5
FNH:1
FNDA:1,(anonymous_9)
FNDA:0,(anonymous_10)
FNDA:0,(anonymous_12)
FNDA:0,(anonymous_14)
FNDA:0,(anonymous_16)
DA:1,1
DA:3,1
DA:4,1
DA:5,1
DA:9,1
DA:13,1
DA:17,0
DA:18,0
DA:19,0
DA:23,0
DA:24,0
DA:28,0
DA:29,0
DA:33,0
LF:14
LH:6
BRDA:24,0,0,0
BRDA:24,0,1,0
BRDA:29,1,0,0
BRDA:29,1,1,0
BRF:4
BRH:0
end_of_record
TN:
SF:src/infrastructure/db/DataSource.ts
FNF:0
FNH:0
DA:1,1
DA:2,1
DA:3,1
DA:5,1
LF:4
LH:4
BRF:0
BRH:0
end_of_record
TN:
SF:src/interface/http/controllers/UserController.ts
FN:10,(anonymous_8)
FN:20,(anonymous_10)
FNF:2
FNH:0
FNDA:0,(anonymous_8)
FNDA:0,(anonymous_10)
DA:1,1
DA:3,1
DA:4,1
DA:5,1
DA:6,1
DA:7,1
DA:9,1
DA:11,0
DA:12,0
DA:13,0
DA:14,0
DA:15,0
LF:12
LH:7
BRF:0
BRH:0
end_of_record
TN:
SF:src/interface/http/extensions/express-response.extension.ts
FNF:0
FNH:0
DA:1,1
LF:1
LH:1
BRF:0
BRH:0
end_of_record
TN:
SF:src/interface/http/extensions/response-extension.ts
FN:4,extendResponse
FN:5,(anonymous_2)
FN:14,(anonymous_3)
FN:23,(anonymous_4)
FN:32,(anonymous_5)
FN:41,(anonymous_6)
FN:50,(anonymous_7)
FN:59,(anonymous_8)
FN:68,(anonymous_9)
FN:77,(anonymous_10)
FNF:10
FNH:1
FNDA:1,extendResponse
FNDA:0,(anonymous_2)
FNDA:0,(anonymous_3)
FNDA:0,(anonymous_4)
FNDA:0,(anonymous_5)
FNDA:0,(anonymous_6)
FNDA:0,(anonymous_7)
FNDA:0,(anonymous_8)
FNDA:0,(anonymous_9)
FNDA:0,(anonymous_10)
DA:1,1
DA:4,1
DA:5,1
DA:6,0
DA:10,0
DA:11,0
DA:12,0
DA:14,1
DA:15,0
DA:19,0
DA:20,0
DA:21,0
DA:23,1
DA:24,0
DA:28,0
DA:29,0
DA:30,0
DA:32,1
DA:33,0
DA:37,0
DA:38,0
DA:39,0
DA:41,1
DA:42,0
DA:46,0
DA:47,0
DA:48,0
DA:50,1
DA:51,0
DA:55,0
DA:56,0
DA:57,0
DA:59,1
DA:60,0
DA:64,0
DA:65,0
DA:66,0
DA:68,1
DA:69,0
DA:73,0
DA:74,0
DA:75,0
DA:77,1
DA:78,0
DA:82,0
DA:83,0
DA:84,0
LF:47
LH:11
BRDA:10,0,0,0
BRDA:10,0,1,0
BRDA:11,1,0,0
BRDA:11,1,1,0
BRDA:19,2,0,0
BRDA:19,2,1,0
BRDA:20,3,0,0
BRDA:20,3,1,0
BRDA:28,4,0,0
BRDA:28,4,1,0
BRDA:29,5,0,0
BRDA:29,5,1,0
BRDA:37,6,0,0
BRDA:37,6,1,0
BRDA:38,7,0,0
BRDA:38,7,1,0
BRDA:46,8,0,0
BRDA:46,8,1,0
BRDA:47,9,0,0
BRDA:47,9,1,0
BRDA:55,10,0,0
BRDA:55,10,1,0
BRDA:56,11,0,0
BRDA:56,11,1,0
BRDA:64,12,0,0
BRDA:64,12,1,0
BRDA:65,13,0,0
BRDA:65,13,1,0
BRDA:73,14,0,0
BRDA:73,14,1,0
BRDA:74,15,0,0
BRDA:74,15,1,0
BRDA:82,16,0,0
BRDA:82,16,1,0
BRDA:83,17,0,0
BRDA:83,17,1,0
BRF:36
BRH:0
end_of_record
TN:
SF:src/interface/http/middleware/ErrorMiddleware.ts
FN:13,errorHandler
FNF:1
FNH:0
FNDA:0,errorHandler
DA:2,1
DA:11,1
DA:13,1
DA:19,0
DA:27,0
DA:28,0
DA:30,0
DA:31,0
DA:33,0
DA:34,0
DA:36,0
DA:37,0
DA:39,0
DA:40,0
DA:42,0
DA:43,0
DA:45,0
DA:46,0
DA:49,0
LF:19
LH:3
BRDA:27,0,0,0
BRDA:27,0,1,0
BRDA:30,1,0,0
BRDA:30,1,1,0
BRDA:33,2,0,0
BRDA:33,2,1,0
BRDA:36,3,0,0
BRDA:36,3,1,0
BRDA:39,4,0,0
BRDA:39,4,1,0
BRDA:42,5,0,0
BRDA:42,5,1,0
BRDA:45,6,0,0
BRDA:45,6,1,0
BRF:14
BRH:0
end_of_record
TN:
SF:src/interface/http/resources/UserResource.ts
FN:21,(anonymous_2)
FN:18,(anonymous_3)
FNF:2
FNH:0
FNDA:0,(anonymous_2)
FNDA:0,(anonymous_3)
DA:1,1
DA:4,1
DA:6,1
DA:9,1
DA:12,1
DA:15,1
DA:18,0
DA:19,1
DA:22,0
LF:9
LH:7
BRF:0
BRH:0
end_of_record
TN:
SF:src/interface/http/routes/UserRouter.ts
FNF:0
FNH:0
DA:1,1
DA:2,1
DA:4,1
DA:6,1
DA:7,1
DA:9,1
LF:6
LH:6
BRF:0
BRH:0
end_of_record
TN:
SF:src/interface/http/routes/router.ts
FN:6,(anonymous_1)
FNF:1
FNH:1
FNDA:1,(anonymous_1)
DA:1,1
DA:2,1
DA:4,1
DA:6,1
DA:7,1
DA:10,1
DA:12,1
LF:7
LH:7
BRF:0
BRH:0
end_of_record
